<?xml version="1.0" encoding="UTF-8"?>
<!-- Generated by org.testng.reporters.JUnitReportReporter -->
<testsuite skipped="0" hostname="LAPTOP-SAKML4AK" name="testcases.E2ETest" tests="4" failures="0" timestamp="2024-06-11T20:03:30 IST" time="12.987" errors="0">
  <testcase name="LoginToApplication" time="1.354" classname="testcases.E2ETest"/>
  <system-out/>
  <testcase name="addCourse" time="5.839" classname="testcases.E2ETest"/>
  <system-out/>
  <testcase name="deleteCourse" time="5.194" classname="testcases.E2ETest"/>
  <system-out/>
  <testcase name="signOut" time="0.600" classname="testcases.E2ETest"/>
  <system-out/>
</testsuite> <!-- testcases.E2ETest -->
